<?xml version="1.0" encoding="UTF-8"?>
<testng-results skipped="0" failed="0" ignored="0" total="1" passed="1">
  <reporter-output>
  </reporter-output>
  <suite name="Suite" duration-ms="7905" started-at="2019-02-26T05:24:40Z" finished-at="2019-02-26T05:24:48Z">
    <groups>
    </groups>
    <test name="Test" duration-ms="7905" started-at="2019-02-26T05:24:40Z" finished-at="2019-02-26T05:24:48Z">
      <class name="MavenDemo.MavenTest">
        <test-method status="PASS" signature="TestMaven()[pri:0, instance:MavenDemo.MavenTest@7a3d45bd]" name="TestMaven" duration-ms="7888" started-at="2019-02-26T05:24:40Z" finished-at="2019-02-26T05:24:48Z">
          <reporter-output>
          </reporter-output>
        </test-method> <!-- TestMaven -->
      </class> <!-- MavenDemo.MavenTest -->
    </test> <!-- Test -->
  </suite> <!-- Suite -->
</testng-results>
